{"/home/r1zzd/frontend-project-46/src/filesCompare.js": {"path":"/home/r1zzd/frontend-project-46/src/filesCompare.js","statementMap":{"0":{"start":{"line":7,"column":22},"end":{"line":13,"column":1}},"1":{"start":{"line":8,"column":16},"end":{"line":8,"column":28}},"2":{"start":{"line":9,"column":16},"end":{"line":9,"column":28}},"3":{"start":{"line":10,"column":20},"end":{"line":10,"column":41}},"4":{"start":{"line":11,"column":21},"end":{"line":11,"column":40}},"5":{"start":{"line":12,"column":2},"end":{"line":12,"column":20}},"6":{"start":{"line":15,"column":21},"end":{"line":37,"column":1}},"7":{"start":{"line":16,"column":15},"end":{"line":16,"column":42}},"8":{"start":{"line":17,"column":21},"end":{"line":35,"column":4}},"9":{"start":{"line":18,"column":19},"end":{"line":18,"column":29}},"10":{"start":{"line":19,"column":19},"end":{"line":19,"column":29}},"11":{"start":{"line":20,"column":4},"end":{"line":22,"column":5}},"12":{"start":{"line":21,"column":6},"end":{"line":21,"column":48}},"13":{"start":{"line":23,"column":4},"end":{"line":25,"column":5}},"14":{"start":{"line":24,"column":6},"end":{"line":24,"column":46}},"15":{"start":{"line":26,"column":4},"end":{"line":28,"column":5}},"16":{"start":{"line":27,"column":6},"end":{"line":27,"column":79}},"17":{"start":{"line":29,"column":4},"end":{"line":31,"column":5}},"18":{"start":{"line":30,"column":6},"end":{"line":30,"column":50}},"19":{"start":{"line":32,"column":4},"end":{"line":34,"column":6}},"20":{"start":{"line":36,"column":2},"end":{"line":36,"column":20}}},"fnMap":{"0":{"name":"(anonymous_0)","decl":{"start":{"line":7,"column":22},"end":{"line":7,"column":23}},"loc":{"start":{"line":7,"column":38},"end":{"line":13,"column":1}},"line":7},"1":{"name":"(anonymous_1)","decl":{"start":{"line":15,"column":21},"end":{"line":15,"column":22}},"loc":{"start":{"line":15,"column":39},"end":{"line":37,"column":1}},"line":15},"2":{"name":"(anonymous_2)","decl":{"start":{"line":17,"column":30},"end":{"line":17,"column":31}},"loc":{"start":{"line":17,"column":39},"end":{"line":35,"column":3}},"line":17}},"branchMap":{"0":{"loc":{"start":{"line":20,"column":4},"end":{"line":22,"column":5}},"type":"if","locations":[{"start":{"line":20,"column":4},"end":{"line":22,"column":5}},{"start":{},"end":{}}],"line":20},"1":{"loc":{"start":{"line":20,"column":8},"end":{"line":20,"column":47}},"type":"binary-expr","locations":[{"start":{"line":20,"column":8},"end":{"line":20,"column":25}},{"start":{"line":20,"column":29},"end":{"line":20,"column":47}}],"line":20},"2":{"loc":{"start":{"line":23,"column":4},"end":{"line":25,"column":5}},"type":"if","locations":[{"start":{"line":23,"column":4},"end":{"line":25,"column":5}},{"start":{},"end":{}}],"line":23},"3":{"loc":{"start":{"line":23,"column":8},"end":{"line":23,"column":47}},"type":"binary-expr","locations":[{"start":{"line":23,"column":8},"end":{"line":23,"column":26}},{"start":{"line":23,"column":30},"end":{"line":23,"column":47}}],"line":23},"4":{"loc":{"start":{"line":26,"column":4},"end":{"line":28,"column":5}},"type":"if","locations":[{"start":{"line":26,"column":4},"end":{"line":28,"column":5}},{"start":{},"end":{}}],"line":26},"5":{"loc":{"start":{"line":26,"column":8},"end":{"line":26,"column":48}},"type":"binary-expr","locations":[{"start":{"line":26,"column":8},"end":{"line":26,"column":26}},{"start":{"line":26,"column":30},"end":{"line":26,"column":48}}],"line":26},"6":{"loc":{"start":{"line":29,"column":4},"end":{"line":31,"column":5}},"type":"if","locations":[{"start":{"line":29,"column":4},"end":{"line":31,"column":5}},{"start":{},"end":{}}],"line":29}},"s":{"0":1,"1":1,"2":1,"3":1,"4":1,"5":1,"6":1,"7":1,"8":1,"9":5,"10":5,"11":5,"12":2,"13":3,"14":1,"15":2,"16":0,"17":2,"18":1,"19":1,"20":1},"f":{"0":1,"1":1,"2":5},"b":{"0":[2,3],"1":[5,4],"2":[1,2],"3":[3,1],"4":[0,2],"5":[2,0],"6":[1,1]},"_coverageSchema":"1a1c01bbd47fc00a2c39e90264f33305004495a9","hash":"7e4d4c2b4fa446bae12dd964f7f0462ce60abc80"}
,"/home/r1zzd/frontend-project-46/src/index.js": {"path":"/home/r1zzd/frontend-project-46/src/index.js","statementMap":{"0":{"start":{"line":11,"column":16},"end":{"line":15,"column":1}},"1":{"start":{"line":17,"column":20},"end":{"line":17,"column":65}},"2":{"start":{"line":17,"column":34},"end":{"line":17,"column":65}},"3":{"start":{"line":18,"column":20},"end":{"line":18,"column":71}},"4":{"start":{"line":18,"column":34},"end":{"line":18,"column":71}},"5":{"start":{"line":19,"column":17},"end":{"line":19,"column":75}},"6":{"start":{"line":19,"column":31},"end":{"line":19,"column":75}},"7":{"start":{"line":21,"column":14},"end":{"line":27,"column":1}},"8":{"start":{"line":22,"column":24},"end":{"line":22,"column":36}},"9":{"start":{"line":23,"column":2},"end":{"line":25,"column":3}},"10":{"start":{"line":24,"column":4},"end":{"line":24,"column":46}},"11":{"start":{"line":26,"column":2},"end":{"line":26,"column":28}},"12":{"start":{"line":29,"column":16},"end":{"line":44,"column":1}},"13":{"start":{"line":30,"column":15},"end":{"line":30,"column":37}},"14":{"start":{"line":31,"column":15},"end":{"line":31,"column":37}},"15":{"start":{"line":33,"column":16},"end":{"line":33,"column":38}},"16":{"start":{"line":34,"column":16},"end":{"line":34,"column":38}},"17":{"start":{"line":36,"column":16},"end":{"line":36,"column":31}},"18":{"start":{"line":37,"column":16},"end":{"line":37,"column":31}},"19":{"start":{"line":39,"column":22},"end":{"line":39,"column":40}},"20":{"start":{"line":40,"column":22},"end":{"line":40,"column":40}},"21":{"start":{"line":42,"column":15},"end":{"line":42,"column":53}},"22":{"start":{"line":43,"column":2},"end":{"line":43,"column":36}}},"fnMap":{"0":{"name":"(anonymous_0)","decl":{"start":{"line":17,"column":20},"end":{"line":17,"column":21}},"loc":{"start":{"line":17,"column":34},"end":{"line":17,"column":65}},"line":17},"1":{"name":"(anonymous_1)","decl":{"start":{"line":18,"column":20},"end":{"line":18,"column":21}},"loc":{"start":{"line":18,"column":34},"end":{"line":18,"column":71}},"line":18},"2":{"name":"(anonymous_2)","decl":{"start":{"line":19,"column":17},"end":{"line":19,"column":18}},"loc":{"start":{"line":19,"column":31},"end":{"line":19,"column":75}},"line":19},"3":{"name":"(anonymous_3)","decl":{"start":{"line":21,"column":14},"end":{"line":21,"column":15}},"loc":{"start":{"line":21,"column":29},"end":{"line":27,"column":1}},"line":21},"4":{"name":"(anonymous_4)","decl":{"start":{"line":29,"column":16},"end":{"line":29,"column":17}},"loc":{"start":{"line":29,"column":62},"end":{"line":44,"column":1}},"line":29}},"branchMap":{"0":{"loc":{"start":{"line":23,"column":2},"end":{"line":25,"column":3}},"type":"if","locations":[{"start":{"line":23,"column":2},"end":{"line":25,"column":3}},{"start":{},"end":{}}],"line":23},"1":{"loc":{"start":{"line":29,"column":39},"end":{"line":29,"column":57}},"type":"default-arg","locations":[{"start":{"line":29,"column":48},"end":{"line":29,"column":57}}],"line":29}},"s":{"0":1,"1":1,"2":2,"3":1,"4":4,"5":1,"6":2,"7":1,"8":2,"9":2,"10":0,"11":2,"12":1,"13":1,"14":1,"15":1,"16":1,"17":1,"18":1,"19":1,"20":1,"21":1,"22":1},"f":{"0":2,"1":4,"2":2,"3":2,"4":1},"b":{"0":[0,2],"1":[0]},"_coverageSchema":"1a1c01bbd47fc00a2c39e90264f33305004495a9","hash":"5a51cf4d4f0cacd36437e62f1d6c773a1b07ef43"}
,"/home/r1zzd/frontend-project-46/src/formatters/index.js": {"path":"/home/r1zzd/frontend-project-46/src/formatters/index.js","statementMap":{"0":{"start":{"line":8,"column":28},"end":{"line":19,"column":1}},"1":{"start":{"line":9,"column":2},"end":{"line":18,"column":3}},"2":{"start":{"line":11,"column":6},"end":{"line":11,"column":30}},"3":{"start":{"line":13,"column":6},"end":{"line":13,"column":13}},"4":{"start":{"line":15,"column":6},"end":{"line":15,"column":13}},"5":{"start":{"line":17,"column":6},"end":{"line":17,"column":43}}},"fnMap":{"0":{"name":"(anonymous_0)","decl":{"start":{"line":8,"column":28},"end":{"line":8,"column":29}},"loc":{"start":{"line":8,"column":46},"end":{"line":19,"column":1}},"line":8}},"branchMap":{"0":{"loc":{"start":{"line":9,"column":2},"end":{"line":18,"column":3}},"type":"switch","locations":[{"start":{"line":10,"column":4},"end":{"line":11,"column":30}},{"start":{"line":12,"column":4},"end":{"line":13,"column":13}},{"start":{"line":14,"column":4},"end":{"line":15,"column":13}},{"start":{"line":16,"column":4},"end":{"line":17,"column":43}}],"line":9}},"s":{"0":1,"1":1,"2":1,"3":0,"4":0,"5":0},"f":{"0":1},"b":{"0":[1,0,0,0]},"_coverageSchema":"1a1c01bbd47fc00a2c39e90264f33305004495a9","hash":"c11bb890d6260f4b66b4d6d0aed21448f8641aef"}
,"/home/r1zzd/frontend-project-46/src/formatters/stylish.js": {"path":"/home/r1zzd/frontend-project-46/src/formatters/stylish.js","statementMap":{"0":{"start":{"line":4,"column":17},"end":{"line":4,"column":103}},"1":{"start":{"line":4,"column":61},"end":{"line":4,"column":103}},"2":{"start":{"line":5,"column":24},"end":{"line":5,"column":120}},"3":{"start":{"line":5,"column":68},"end":{"line":5,"column":120}},"4":{"start":{"line":7,"column":18},"end":{"line":18,"column":1}},"5":{"start":{"line":8,"column":2},"end":{"line":8,"column":47}},"6":{"start":{"line":8,"column":30},"end":{"line":8,"column":47}},"7":{"start":{"line":10,"column":24},"end":{"line":10,"column":39}},"8":{"start":{"line":11,"column":24},"end":{"line":11,"column":46}},"9":{"start":{"line":12,"column":23},"end":{"line":12,"column":43}},"10":{"start":{"line":14,"column":16},"end":{"line":14,"column":110}},"11":{"start":{"line":14,"column":51},"end":{"line":14,"column":109}},"12":{"start":{"line":16,"column":17},"end":{"line":16,"column":64}},"13":{"start":{"line":17,"column":2},"end":{"line":17,"column":16}},"14":{"start":{"line":20,"column":19},"end":{"line":49,"column":1}},"15":{"start":{"line":21,"column":15},"end":{"line":47,"column":3}},"16":{"start":{"line":22,"column":26},"end":{"line":22,"column":41}},"17":{"start":{"line":23,"column":26},"end":{"line":23,"column":48}},"18":{"start":{"line":24,"column":18},"end":{"line":45,"column":6}},"19":{"start":{"line":27,"column":10},"end":{"line":27,"column":14}},"20":{"start":{"line":28,"column":6},"end":{"line":44,"column":7}},"21":{"start":{"line":30,"column":10},"end":{"line":30,"column":74}},"22":{"start":{"line":32,"column":10},"end":{"line":32,"column":77}},"23":{"start":{"line":34,"column":10},"end":{"line":34,"column":77}},"24":{"start":{"line":36,"column":10},"end":{"line":36,"column":77}},"25":{"start":{"line":38,"column":10},"end":{"line":41,"column":12}},"26":{"start":{"line":43,"column":10},"end":{"line":43,"column":53}},"27":{"start":{"line":46,"column":4},"end":{"line":46,"column":59}},"28":{"start":{"line":48,"column":2},"end":{"line":48,"column":20}}},"fnMap":{"0":{"name":"(anonymous_0)","decl":{"start":{"line":4,"column":17},"end":{"line":4,"column":18}},"loc":{"start":{"line":4,"column":61},"end":{"line":4,"column":103}},"line":4},"1":{"name":"(anonymous_1)","decl":{"start":{"line":5,"column":24},"end":{"line":5,"column":25}},"loc":{"start":{"line":5,"column":68},"end":{"line":5,"column":120}},"line":5},"2":{"name":"(anonymous_2)","decl":{"start":{"line":7,"column":18},"end":{"line":7,"column":19}},"loc":{"start":{"line":7,"column":39},"end":{"line":18,"column":1}},"line":7},"3":{"name":"(anonymous_3)","decl":{"start":{"line":14,"column":33},"end":{"line":14,"column":34}},"loc":{"start":{"line":14,"column":51},"end":{"line":14,"column":109}},"line":14},"4":{"name":"(anonymous_4)","decl":{"start":{"line":20,"column":19},"end":{"line":20,"column":20}},"loc":{"start":{"line":20,"column":29},"end":{"line":49,"column":1}},"line":20},"5":{"name":"(anonymous_5)","decl":{"start":{"line":21,"column":15},"end":{"line":21,"column":16}},"loc":{"start":{"line":21,"column":44},"end":{"line":47,"column":3}},"line":21},"6":{"name":"(anonymous_6)","decl":{"start":{"line":24,"column":39},"end":{"line":24,"column":40}},"loc":{"start":{"line":24,"column":49},"end":{"line":45,"column":5}},"line":24}},"branchMap":{"0":{"loc":{"start":{"line":4,"column":25},"end":{"line":4,"column":39}},"type":"default-arg","locations":[{"start":{"line":4,"column":36},"end":{"line":4,"column":39}}],"line":4},"1":{"loc":{"start":{"line":4,"column":41},"end":{"line":4,"column":56}},"type":"default-arg","locations":[{"start":{"line":4,"column":55},"end":{"line":4,"column":56}}],"line":4},"2":{"loc":{"start":{"line":5,"column":32},"end":{"line":5,"column":46}},"type":"default-arg","locations":[{"start":{"line":5,"column":43},"end":{"line":5,"column":46}}],"line":5},"3":{"loc":{"start":{"line":5,"column":48},"end":{"line":5,"column":63}},"type":"default-arg","locations":[{"start":{"line":5,"column":62},"end":{"line":5,"column":63}}],"line":5},"4":{"loc":{"start":{"line":7,"column":25},"end":{"line":7,"column":34}},"type":"default-arg","locations":[{"start":{"line":7,"column":33},"end":{"line":7,"column":34}}],"line":7},"5":{"loc":{"start":{"line":8,"column":2},"end":{"line":8,"column":47}},"type":"if","locations":[{"start":{"line":8,"column":2},"end":{"line":8,"column":47}},{"start":{},"end":{}}],"line":8},"6":{"loc":{"start":{"line":21,"column":30},"end":{"line":21,"column":39}},"type":"default-arg","locations":[{"start":{"line":21,"column":38},"end":{"line":21,"column":39}}],"line":21},"7":{"loc":{"start":{"line":28,"column":6},"end":{"line":44,"column":7}},"type":"switch","locations":[{"start":{"line":29,"column":8},"end":{"line":30,"column":74}},{"start":{"line":31,"column":8},"end":{"line":32,"column":77}},{"start":{"line":33,"column":8},"end":{"line":34,"column":77}},{"start":{"line":35,"column":8},"end":{"line":36,"column":77}},{"start":{"line":37,"column":8},"end":{"line":41,"column":12}},{"start":{"line":42,"column":8},"end":{"line":43,"column":53}}],"line":28}},"s":{"0":1,"1":1,"2":1,"3":1,"4":1,"5":6,"6":6,"7":0,"8":0,"9":0,"10":0,"11":0,"12":0,"13":0,"14":1,"15":1,"16":1,"17":1,"18":1,"19":5,"20":5,"21":0,"22":2,"23":1,"24":1,"25":1,"26":0,"27":1,"28":1},"f":{"0":1,"1":1,"2":6,"3":0,"4":1,"5":1,"6":5},"b":{"0":[1],"1":[1],"2":[1],"3":[1],"4":[0],"5":[6,0],"6":[1],"7":[0,2,1,1,1,0]},"_coverageSchema":"1a1c01bbd47fc00a2c39e90264f33305004495a9","hash":"84044312a1b8167b2e4cfe3f816108bc60dc1929"}
}
