TN:
SF:src/filesCompare.js
FN:7,(anonymous_0)
FN:15,(anonymous_1)
FN:17,(anonymous_2)
FNF:3
FNH:3
FNDA:1,(anonymous_0)
FNDA:1,(anonymous_1)
FNDA:5,(anonymous_2)
DA:7,1
DA:8,1
DA:9,1
DA:10,1
DA:11,1
DA:12,1
DA:15,1
DA:16,1
DA:17,1
DA:18,5
DA:19,5
DA:20,5
DA:21,2
DA:23,3
DA:24,1
DA:26,2
DA:27,0
DA:29,2
DA:30,1
DA:32,1
DA:36,1
LF:21
LH:20
BRDA:20,0,0,2
BRDA:20,0,1,3
BRDA:20,1,0,5
BRDA:20,1,1,4
BRDA:23,2,0,1
BRDA:23,2,1,2
BRDA:23,3,0,3
BRDA:23,3,1,1
BRDA:26,4,0,0
BRDA:26,4,1,2
BRDA:26,5,0,2
BRDA:26,5,1,0
BRDA:29,6,0,1
BRDA:29,6,1,1
BRF:14
BRH:12
end_of_record
TN:
SF:src/index.js
FN:17,(anonymous_0)
FN:18,(anonymous_1)
FN:19,(anonymous_2)
FN:21,(anonymous_3)
FN:29,(anonymous_4)
FNF:5
FNH:5
FNDA:2,(anonymous_0)
FNDA:4,(anonymous_1)
FNDA:2,(anonymous_2)
FNDA:2,(anonymous_3)
FNDA:1,(anonymous_4)
DA:11,1
DA:17,2
DA:18,4
DA:19,2
DA:21,1
DA:22,2
DA:23,2
DA:24,0
DA:26,2
DA:29,1
DA:30,1
DA:31,1
DA:33,1
DA:34,1
DA:36,1
DA:37,1
DA:39,1
DA:40,1
DA:42,1
DA:43,1
LF:20
LH:19
BRDA:23,0,0,0
BRDA:23,0,1,2
BRDA:29,1,0,0
BRF:3
BRH:1
end_of_record
TN:
SF:src/formatters/index.js
FN:8,(anonymous_0)
FNF:1
FNH:1
FNDA:1,(anonymous_0)
DA:8,1
DA:9,1
DA:11,1
DA:13,0
DA:15,0
DA:17,0
LF:6
LH:3
BRDA:9,0,0,1
BRDA:9,0,1,0
BRDA:9,0,2,0
BRDA:9,0,3,0
BRF:4
BRH:1
end_of_record
TN:
SF:src/formatters/stylish.js
FN:4,(anonymous_0)
FN:5,(anonymous_1)
FN:7,(anonymous_2)
FN:14,(anonymous_3)
FN:20,(anonymous_4)
FN:21,(anonymous_5)
FN:24,(anonymous_6)
FNF:7
FNH:6
FNDA:1,(anonymous_0)
FNDA:1,(anonymous_1)
FNDA:6,(anonymous_2)
FNDA:0,(anonymous_3)
FNDA:1,(anonymous_4)
FNDA:1,(anonymous_5)
FNDA:5,(anonymous_6)
DA:4,1
DA:5,1
DA:7,1
DA:8,6
DA:10,0
DA:11,0
DA:12,0
DA:14,0
DA:16,0
DA:17,0
DA:20,1
DA:21,1
DA:22,1
DA:23,1
DA:24,1
DA:27,5
DA:28,5
DA:30,0
DA:32,2
DA:34,1
DA:36,1
DA:38,1
DA:43,0
DA:46,1
DA:48,1
LF:25
LH:17
BRDA:4,0,0,1
BRDA:4,1,0,1
BRDA:5,2,0,1
BRDA:5,3,0,1
BRDA:7,4,0,0
BRDA:8,5,0,6
BRDA:8,5,1,0
BRDA:21,6,0,1
BRDA:28,7,0,0
BRDA:28,7,1,2
BRDA:28,7,2,1
BRDA:28,7,3,1
BRDA:28,7,4,1
BRDA:28,7,5,0
BRF:14
BRH:10
end_of_record
